<?xml version="1.0" encoding="UTF-8"?>
<coverage generated="1636476229637" clover="3.2.0">
  <project timestamp="1636476229638" name="All files">
    <metrics statements="27" coveredstatements="27" conditionals="8" coveredconditionals="8" methods="12" coveredmethods="12" elements="47" coveredelements="47" complexity="0" loc="27" ncloc="27" packages="1" files="3" classes="3"/>
    <file name="filtroFatura.js" path="C:\Users\Gabriel Falcade\Desktop\Tópicos de Computação\Atividade Avaliativa_1\Atividade\src\filtroFatura.js">
      <metrics statements="10" coveredstatements="10" conditionals="8" coveredconditionals="8" methods="8" coveredmethods="8"/>
      <line num="1" count="1" type="stmt"/>
      <line num="2" count="1" type="stmt"/>
      <line num="7" count="10" type="stmt"/>
      <line num="12" count="1" type="stmt"/>
      <line num="14" count="10" type="cond" truecount="3" falsecount="0"/>
      <line num="21" count="1" type="stmt"/>
      <line num="22" count="1" type="stmt"/>
      <line num="24" count="10" type="cond" truecount="3" falsecount="0"/>
      <line num="32" count="10" type="cond" truecount="2" falsecount="0"/>
      <line num="38" count="1" type="stmt"/>
    </file>
    <file name="lista_faturas.js" path="C:\Users\Gabriel Falcade\Desktop\Tópicos de Computação\Atividade Avaliativa_1\Atividade\src\lista_faturas.js">
      <metrics statements="4" coveredstatements="4" conditionals="0" coveredconditionals="0" methods="0" coveredmethods="0"/>
      <line num="1" count="1" type="stmt"/>
      <line num="2" count="1" type="stmt"/>
      <line num="5" count="1" type="stmt"/>
      <line num="108" count="1" type="stmt"/>
    </file>
    <file name="util.js" path="C:\Users\Gabriel Falcade\Desktop\Tópicos de Computação\Atividade Avaliativa_1\Atividade\src\util.js">
      <metrics statements="13" coveredstatements="13" conditionals="0" coveredconditionals="0" methods="4" coveredmethods="4"/>
      <line num="3" count="5" type="stmt"/>
      <line num="4" count="5" type="stmt"/>
      <line num="6" count="5" type="stmt"/>
      <line num="7" count="5" type="stmt"/>
      <line num="9" count="5" type="stmt"/>
      <line num="13" count="2" type="stmt"/>
      <line num="15" count="2" type="stmt"/>
      <line num="17" count="2" type="stmt"/>
      <line num="18" count="2" type="stmt"/>
      <line num="19" count="2" type="stmt"/>
      <line num="21" count="2" type="stmt"/>
      <line num="25" count="9" type="stmt"/>
      <line num="29" count="1" type="stmt"/>
    </file>
  </project>
</coverage>
