<?xml version="1.0" encoding="UTF-8"?>
<coverage generated="1636458584361" clover="3.2.0">
  <project timestamp="1636458584361" name="All files">
    <metrics statements="28" coveredstatements="28" conditionals="8" coveredconditionals="8" methods="8" coveredmethods="8" elements="44" coveredelements="44" complexity="0" loc="28" ncloc="28" packages="1" files="3" classes="3"/>
    <file name="filtroFatura.js" path="C:\Users\Gabriel Falcade\Desktop\Tópicos de Computação\Atividade Avaliativa_1\Atividade\src\filtroFatura.js">
      <metrics statements="12" coveredstatements="12" conditionals="8" coveredconditionals="8" methods="6" coveredmethods="6"/>
      <line num="1" count="1" type="stmt"/>
      <line num="2" count="1" type="stmt"/>
      <line num="7" count="10" type="stmt"/>
      <line num="13" count="1" type="stmt"/>
      <line num="15" count="10" type="cond" truecount="3" falsecount="0"/>
      <line num="21" count="1" type="stmt"/>
      <line num="22" count="1" type="stmt"/>
      <line num="24" count="1" type="stmt"/>
      <line num="25" count="10" type="cond" truecount="5" falsecount="0"/>
      <line num="26" count="8" type="stmt"/>
      <line num="29" count="1" type="stmt"/>
      <line num="35" count="1" type="stmt"/>
    </file>
    <file name="lista_faturas.js" path="C:\Users\Gabriel Falcade\Desktop\Tópicos de Computação\Atividade Avaliativa_1\Atividade\src\lista_faturas.js">
      <metrics statements="4" coveredstatements="4" conditionals="0" coveredconditionals="0" methods="0" coveredmethods="0"/>
      <line num="1" count="1" type="stmt"/>
      <line num="2" count="1" type="stmt"/>
      <line num="5" count="1" type="stmt"/>
      <line num="108" count="1" type="stmt"/>
    </file>
    <file name="util.js" path="C:\Users\Gabriel Falcade\Desktop\Tópicos de Computação\Atividade Avaliativa_1\Atividade\src\util.js">
      <metrics statements="12" coveredstatements="12" conditionals="0" coveredconditionals="0" methods="2" coveredmethods="2"/>
      <line num="4" count="5" type="stmt"/>
      <line num="5" count="5" type="stmt"/>
      <line num="7" count="5" type="stmt"/>
      <line num="8" count="5" type="stmt"/>
      <line num="10" count="5" type="stmt"/>
      <line num="15" count="2" type="stmt"/>
      <line num="17" count="2" type="stmt"/>
      <line num="19" count="2" type="stmt"/>
      <line num="20" count="2" type="stmt"/>
      <line num="21" count="2" type="stmt"/>
      <line num="23" count="2" type="stmt"/>
      <line num="27" count="1" type="stmt"/>
    </file>
  </project>
</coverage>
