{"C:\\Users\\Gabriel Falcade\\Desktop\\Tópicos de Computação\\Atividade Avaliativa_1\\Atividade\\src\\filtroFatura.js": {"path":"C:\\Users\\Gabriel Falcade\\Desktop\\Tópicos de Computação\\Atividade Avaliativa_1\\Atividade\\src\\filtroFatura.js","statementMap":{"0":{"start":{"line":4,"column":8},"end":{"line":4,"column":60}},"1":{"start":{"line":4,"column":40},"end":{"line":4,"column":58}},"2":{"start":{"line":15,"column":0},"end":{"line":15,"column":30}}},"fnMap":{"0":{"name":"(anonymous_0)","decl":{"start":{"line":2,"column":4},"end":{"line":2,"column":5}},"loc":{"start":{"line":2,"column":37},"end":{"line":6,"column":5}},"line":2},"1":{"name":"(anonymous_1)","decl":{"start":{"line":4,"column":30},"end":{"line":4,"column":31}},"loc":{"start":{"line":4,"column":40},"end":{"line":4,"column":58}},"line":4},"2":{"name":"(anonymous_2)","decl":{"start":{"line":8,"column":4},"end":{"line":8,"column":5}},"loc":{"start":{"line":8,"column":40},"end":{"line":12,"column":5}},"line":8}},"branchMap":{},"s":{"0":1,"1":10,"2":1},"f":{"0":1,"1":10,"2":1},"b":{},"_coverageSchema":"1a1c01bbd47fc00a2c39e90264f33305004495a9","hash":"b05b7f5d470ba379dad624c5cf8b18c12f50e7d2"}
,"C:\\Users\\Gabriel Falcade\\Desktop\\Tópicos de Computação\\Atividade Avaliativa_1\\Atividade\\src\\lista_faturas.js": {"path":"C:\\Users\\Gabriel Falcade\\Desktop\\Tópicos de Computação\\Atividade Avaliativa_1\\Atividade\\src\\lista_faturas.js","statementMap":{"0":{"start":{"line":1,"column":22},"end":{"line":102,"column":1}},"1":{"start":{"line":104,"column":0},"end":{"line":104,"column":31}}},"fnMap":{},"branchMap":{},"s":{"0":1,"1":1},"f":{},"b":{},"_coverageSchema":"1a1c01bbd47fc00a2c39e90264f33305004495a9","hash":"bf4af439844a02687ce680931c39be612b77cf53"}
}
