{"C:\\Users\\Gabriel Falcade\\Desktop\\Tópicos de Computação\\Atividade Avaliativa_1\\Atividade\\src\\filtroFatura.js": {"path":"C:\\Users\\Gabriel Falcade\\Desktop\\Tópicos de Computação\\Atividade Avaliativa_1\\Atividade\\src\\filtroFatura.js","statementMap":{"0":{"start":{"line":1,"column":14},"end":{"line":1,"column":31}},"1":{"start":{"line":2,"column":13},"end":{"line":2,"column":24}},"2":{"start":{"line":7,"column":8},"end":{"line":7,"column":60}},"3":{"start":{"line":7,"column":40},"end":{"line":7,"column":58}},"4":{"start":{"line":13,"column":21},"end":{"line":13,"column":23}},"5":{"start":{"line":14,"column":21},"end":{"line":14,"column":39}},"6":{"start":{"line":16,"column":8},"end":{"line":21,"column":11}},"7":{"start":{"line":17,"column":12},"end":{"line":20,"column":13}},"8":{"start":{"line":19,"column":16},"end":{"line":19,"column":37}},"9":{"start":{"line":23,"column":8},"end":{"line":23,"column":22}},"10":{"start":{"line":28,"column":0},"end":{"line":28,"column":30}}},"fnMap":{"0":{"name":"(anonymous_0)","decl":{"start":{"line":5,"column":4},"end":{"line":5,"column":5}},"loc":{"start":{"line":5,"column":37},"end":{"line":9,"column":5}},"line":5},"1":{"name":"(anonymous_1)","decl":{"start":{"line":7,"column":30},"end":{"line":7,"column":31}},"loc":{"start":{"line":7,"column":40},"end":{"line":7,"column":58}},"line":7},"2":{"name":"(anonymous_2)","decl":{"start":{"line":11,"column":4},"end":{"line":11,"column":5}},"loc":{"start":{"line":11,"column":41},"end":{"line":25,"column":5}},"line":11},"3":{"name":"(anonymous_3)","decl":{"start":{"line":16,"column":24},"end":{"line":16,"column":25}},"loc":{"start":{"line":16,"column":35},"end":{"line":21,"column":9}},"line":16}},"branchMap":{"0":{"loc":{"start":{"line":17,"column":12},"end":{"line":20,"column":13}},"type":"if","locations":[{"start":{"line":17,"column":12},"end":{"line":20,"column":13}},{"start":{},"end":{}}],"line":17},"1":{"loc":{"start":{"line":17,"column":17},"end":{"line":18,"column":64}},"type":"binary-expr","locations":[{"start":{"line":17,"column":17},"end":{"line":17,"column":38}},{"start":{"line":17,"column":42},"end":{"line":17,"column":62}},{"start":{"line":18,"column":16},"end":{"line":18,"column":64}}],"line":17}},"s":{"0":1,"1":1,"2":1,"3":10,"4":1,"5":1,"6":1,"7":10,"8":8,"9":1,"10":1},"f":{"0":1,"1":10,"2":1,"3":10},"b":{"0":[8,2],"1":[10,8,3]},"_coverageSchema":"1a1c01bbd47fc00a2c39e90264f33305004495a9","hash":"f0c99d5f20ac7a75a2c771c94c6908df8f4cadf4"}
,"C:\\Users\\Gabriel Falcade\\Desktop\\Tópicos de Computação\\Atividade Avaliativa_1\\Atividade\\src\\lista_faturas.js": {"path":"C:\\Users\\Gabriel Falcade\\Desktop\\Tópicos de Computação\\Atividade Avaliativa_1\\Atividade\\src\\lista_faturas.js","statementMap":{"0":{"start":{"line":1,"column":14},"end":{"line":1,"column":31}},"1":{"start":{"line":2,"column":13},"end":{"line":2,"column":24}},"2":{"start":{"line":5,"column":22},"end":{"line":106,"column":1}},"3":{"start":{"line":108,"column":0},"end":{"line":108,"column":31}}},"fnMap":{},"branchMap":{},"s":{"0":1,"1":1,"2":1,"3":1},"f":{},"b":{},"_coverageSchema":"1a1c01bbd47fc00a2c39e90264f33305004495a9","hash":"af8fabc724b5a1190ea2c3642719748d181427f8"}
,"C:\\Users\\Gabriel Falcade\\Desktop\\Tópicos de Computação\\Atividade Avaliativa_1\\Atividade\\src\\util.js": {"path":"C:\\Users\\Gabriel Falcade\\Desktop\\Tópicos de Computação\\Atividade Avaliativa_1\\Atividade\\src\\util.js","statementMap":{"0":{"start":{"line":3,"column":23},"end":{"line":3,"column":37}},"1":{"start":{"line":4,"column":23},"end":{"line":4,"column":37}},"2":{"start":{"line":6,"column":26},"end":{"line":6,"column":51}},"3":{"start":{"line":7,"column":24},"end":{"line":7,"column":68}},"4":{"start":{"line":9,"column":8},"end":{"line":9,"column":23}},"5":{"start":{"line":13,"column":19},"end":{"line":13,"column":29}},"6":{"start":{"line":15,"column":25},"end":{"line":15,"column":71}},"7":{"start":{"line":17,"column":18},"end":{"line":17,"column":63}},"8":{"start":{"line":18,"column":18},"end":{"line":18,"column":68}},"9":{"start":{"line":19,"column":18},"end":{"line":19,"column":42}},"10":{"start":{"line":21,"column":8},"end":{"line":21,"column":43}},"11":{"start":{"line":25,"column":0},"end":{"line":25,"column":23}}},"fnMap":{"0":{"name":"(anonymous_0)","decl":{"start":{"line":2,"column":4},"end":{"line":2,"column":5}},"loc":{"start":{"line":2,"column":31},"end":{"line":10,"column":5}},"line":2},"1":{"name":"(anonymous_1)","decl":{"start":{"line":12,"column":4},"end":{"line":12,"column":5}},"loc":{"start":{"line":12,"column":21},"end":{"line":22,"column":5}},"line":12}},"branchMap":{},"s":{"0":3,"1":3,"2":3,"3":3,"4":3,"5":1,"6":1,"7":1,"8":1,"9":1,"10":1,"11":1},"f":{"0":3,"1":1},"b":{},"_coverageSchema":"1a1c01bbd47fc00a2c39e90264f33305004495a9","hash":"5c4f4c0864b4c187f247d6d3fbffd75721c216a1"}
}
