TN:
SF:src\filtroFatura.js
FN:5,(anonymous_0)
FN:7,(anonymous_1)
FN:11,(anonymous_2)
FN:15,(anonymous_3)
FN:20,(anonymous_4)
FN:24,(anonymous_5)
FN:29,(anonymous_6)
FN:30,(anonymous_7)
FNF:8
FNH:8
FNDA:1,(anonymous_0)
FNDA:10,(anonymous_1)
FNDA:1,(anonymous_2)
FNDA:10,(anonymous_3)
FNDA:1,(anonymous_4)
FNDA:10,(anonymous_5)
FNDA:1,(anonymous_6)
FNDA:10,(anonymous_7)
DA:1,1
DA:2,1
DA:7,10
DA:13,1
DA:15,10
DA:21,1
DA:22,1
DA:24,10
DA:30,10
DA:35,1
LF:10
LH:10
BRDA:15,0,0,10
BRDA:15,0,1,8
BRDA:15,0,2,3
BRDA:24,1,0,10
BRDA:24,1,1,5
BRDA:24,1,2,2
BRDA:30,2,0,10
BRDA:30,2,1,3
BRF:8
BRH:8
end_of_record
TN:
SF:src\lista_faturas.js
FNF:0
FNH:0
DA:1,1
DA:2,1
DA:5,1
DA:108,1
LF:4
LH:4
BRF:0
BRH:0
end_of_record
TN:
SF:src\util.js
FN:2,(anonymous_0)
FN:13,(anonymous_1)
FN:26,(anonymous_2)
FN:27,(anonymous_3)
FNF:4
FNH:4
FNDA:5,(anonymous_0)
FNDA:2,(anonymous_1)
FNDA:3,(anonymous_2)
FNDA:9,(anonymous_3)
DA:4,5
DA:5,5
DA:7,5
DA:8,5
DA:10,5
DA:15,2
DA:17,2
DA:19,2
DA:20,2
DA:21,2
DA:23,2
DA:27,9
DA:31,1
LF:13
LH:13
BRF:0
BRH:0
end_of_record
