TN:
SF:src\filtroFatura.js
FN:5,(anonymous_0)
FN:7,(anonymous_1)
FN:11,(anonymous_2)
FN:16,(anonymous_3)
FNF:4
FNH:4
FNDA:1,(anonymous_0)
FNDA:10,(anonymous_1)
FNDA:1,(anonymous_2)
FNDA:10,(anonymous_3)
DA:1,1
DA:2,1
DA:7,10
DA:13,1
DA:14,1
DA:16,1
DA:17,10
DA:19,8
DA:23,1
DA:28,1
LF:10
LH:10
BRDA:17,0,0,8
BRDA:17,0,1,2
BRDA:17,1,0,10
BRDA:17,1,1,8
BRDA:17,1,2,3
BRF:5
BRH:5
end_of_record
TN:
SF:src\lista_faturas.js
FNF:0
FNH:0
DA:1,1
DA:2,1
DA:5,1
DA:108,1
LF:4
LH:4
BRF:0
BRH:0
end_of_record
TN:
SF:src\util.js
FN:2,(anonymous_0)
FN:12,(anonymous_1)
FNF:2
FNH:2
FNDA:3,(anonymous_0)
FNDA:1,(anonymous_1)
DA:3,3
DA:4,3
DA:6,3
DA:7,3
DA:9,3
DA:13,1
DA:15,1
DA:17,1
DA:18,1
DA:19,1
DA:21,1
DA:25,1
LF:12
LH:12
BRF:0
BRH:0
end_of_record
